timestamp: 2020-05-06T17:02:41.668318
CREATE TABLE "py4web_session"(
    "id" INTEGER PRIMARY KEY AUTOINCREMENT,
    "rkey" CHAR(512),
    "rvalue" TEXT,
    "expiration" INTEGER,
    "created_on" TIMESTAMP,
    "expires_on" TIMESTAMP
);
success!
timestamp: 2020-05-06T17:02:41.685298
CREATE TABLE "auth_user"(
    "id" INTEGER PRIMARY KEY AUTOINCREMENT,
    "email" CHAR(512) UNIQUE,
    "password" CHAR(512),
    "first_name" CHAR(512),
    "last_name" CHAR(512),
    "sso_id" CHAR(512),
    "action_token" CHAR(512),
    "last_password_change" TIMESTAMP
);
success!
timestamp: 2020-05-06T17:02:41.697260
CREATE TABLE "auth_user_tag_groups"(
    "id" INTEGER PRIMARY KEY AUTOINCREMENT,
    "path" CHAR(512),
    "record_id" INTEGER REFERENCES "auth_user" ("id") ON DELETE CASCADE  
);
success!
timestamp: 2021-07-22T13:29:47.115097
ALTER TABLE "auth_user" ADD "username" CHAR(512) UNIQUE;
timestamp: 2021-07-22T13:29:50.280105
ALTER TABLE "auth_user" ADD "username" CHAR(512) UNIQUE;
timestamp: 2021-07-22T13:30:03.413051
ALTER TABLE "auth_user" ADD "username" CHAR(512) UNIQUE;
timestamp: 2021-07-22T13:30:07.416868
ALTER TABLE "auth_user" ADD "username" CHAR(512) UNIQUE;
timestamp: 2021-07-22T13:32:26.188099
ALTER TABLE "auth_user" ADD "username" CHAR(512) UNIQUE;
timestamp: 2021-07-22T13:32:27.820783
ALTER TABLE "auth_user" ADD "username" CHAR(512) UNIQUE;
timestamp: 2021-07-24T09:01:35.015227
CREATE TABLE "contact"(
    "id" INTEGER PRIMARY KEY AUTOINCREMENT,
    "first_name" CHAR(512),
    "last_name" CHAR(512),
    "creation_date" TIMESTAMP
);
success!
timestamp: 2021-07-24T09:09:15.096128
ALTER TABLE "contact" ADD "user_email" CHAR(512);
success!
success!
success!
success!
success!
success!
success!
success!
success!
success!
success!
success!
success!
success!
success!
success!
success!
success!
success!
success!
success!
success!
success!
success!
success!
success!
success!
success!
success!
success!
success!
success!
success!
success!
success!
success!
success!
success!
success!
success!
success!
success!
success!
success!
timestamp: 2021-07-24T12:58:07.887229
CREATE TABLE "phoneNumber"(
    "id" INTEGER PRIMARY KEY AUTOINCREMENT,
    "phone_number" CHAR(512),
    "phone_name" CHAR(512),
    "contact_id" INTEGER REFERENCES "contact" ("id") ON DELETE CASCADE  
);
success!
success!
success!
success!
success!
success!
success!
success!
success!
success!
success!
success!
success!
success!
success!
success!
success!
success!
success!
success!
success!
success!
success!
success!
success!
success!
success!
success!
success!
success!
success!
success!
success!
success!
success!
success!
success!
success!
success!
success!
success!
success!
success!
success!
success!
success!
success!
success!
success!
success!
success!
success!
success!
success!
success!
success!
success!
success!
success!
success!
success!
success!
success!
success!
success!
success!
success!
success!
success!
success!
success!
success!
success!
success!
success!
success!
success!
success!
success!
success!
success!
success!
success!
success!
success!
success!
success!
success!
success!
success!
success!
success!
success!
success!
success!
success!
success!
success!
success!
success!
success!
success!
success!
success!
success!
success!
success!
success!
success!
success!
success!
success!
success!
success!
success!
success!
success!
success!
success!
success!
success!
success!
success!
success!
success!
success!
success!
success!
success!
success!
success!
success!
success!
success!
success!
success!
success!
success!
success!
success!
success!
success!
success!
success!
success!
success!
success!
success!
success!
success!
success!
success!
success!
success!
success!
success!
success!
success!
success!
success!
success!
success!
success!
success!
success!
success!
success!
success!
success!
success!
success!
success!
success!
success!
success!
success!
success!
